This file contains any messages produced by compilers while
running configure, to aid debugging if configure makes a mistake.

It was created by afmm configure 0.1, which was
generated by GNU Autoconf 2.69.  Invocation command line was

  $ ./configure --prefix=/home/michael/Codes

## --------- ##
## Platform. ##
## --------- ##

hostname = michael.paraffinalia.co.uk
uname -m = x86_64
uname -r = 5.15.19
uname -s = Linux
uname -v = #1 SMP PREEMPT Wed Feb 2 01:50:51 CST 2022

/usr/bin/uname -p = Intel(R) Core(TM) i5-6200U CPU @ 2.30GHz
/bin/uname -X     = unknown

/bin/arch              = x86_64
/usr/bin/arch -k       = unknown
/usr/convex/getsysinfo = unknown
/usr/bin/hostinfo      = unknown
/bin/machine           = unknown
/usr/bin/oslevel       = unknown
/bin/universe          = unknown

PATH: /usr/local/texlive/2022/bin/x86_64-linux
PATH: /home/michael/bin
PATH: /opt/firefox
PATH: /home/michael/.scripts
PATH: /home/michael/Codes/bin
PATH: /opt/bin
PATH: /usr/local/bin
PATH: /usr/bin
PATH: /bin
PATH: /usr/games
PATH: /usr/lib64/qt5/bin
PATH: /usr/lib64/zulu-openjdk11/bin


## ----------- ##
## Core tests. ##
## ----------- ##

configure:2352: checking for a BSD-compatible install
configure:2420: result: /usr/bin/ginstall -c
configure:2431: checking whether build environment is sane
configure:2486: result: yes
configure:2637: checking for a thread-safe mkdir -p
configure:2676: result: /usr/bin/mkdir -p
configure:2683: checking for gawk
configure:2699: found /usr/bin/gawk
configure:2710: result: gawk
configure:2721: checking whether make sets $(MAKE)
configure:2743: result: yes
configure:2772: checking whether make supports nested variables
configure:2789: result: yes
configure:2977: checking build system type
configure:2991: result: x86_64-pc-linux-gnu
configure:3011: checking host system type
configure:3024: result: x86_64-pc-linux-gnu
configure:3065: checking how to print strings
configure:3092: result: printf
configure:3117: checking whether make supports the include directive
configure:3132: make -f confmf.GNU && cat confinc.out
this is the am__doit target
configure:3135: $? = 0
configure:3154: result: yes (GNU style)
configure:3224: checking for gcc
configure:3240: found /usr/bin/gcc
configure:3251: result: gcc
configure:3480: checking for C compiler version
configure:3489: gcc --version >&5
gcc (GCC) 11.2.0
Copyright (C) 2021 Free Software Foundation, Inc.
This is free software; see the source for copying conditions.  There is NO
warranty; not even for MERCHANTABILITY or FITNESS FOR A PARTICULAR PURPOSE.

configure:3500: $? = 0
configure:3489: gcc -v >&5
Reading specs from /usr/lib64/gcc/x86_64-slackware-linux/11.2.0/specs
COLLECT_GCC=gcc
COLLECT_LTO_WRAPPER=/usr/libexec/gcc/x86_64-slackware-linux/11.2.0/lto-wrapper
Target: x86_64-slackware-linux
Configured with: ../configure --prefix=/usr --libdir=/usr/lib64 --mandir=/usr/man --infodir=/usr/info --enable-shared --enable-bootstrap --enable-languages=ada,brig,c,c++,d,fortran,go,lto,objc,obj-c++ --enable-threads=posix --enable-checking=release --enable-objc-gc --with-system-zlib --enable-libstdcxx-dual-abi --with-default-libstdcxx-abi=new --disable-libstdcxx-pch --disable-libunwind-exceptions --enable-__cxa_atexit --disable-libssp --enable-gnu-unique-object --enable-plugin --enable-lto --disable-install-libiberty --disable-werror --with-gnu-ld --with-isl --verbose --with-arch-directory=amd64 --disable-gtktest --enable-clocale=gnu --disable-multilib --target=x86_64-slackware-linux --build=x86_64-slackware-linux --host=x86_64-slackware-linux
Thread model: posix
Supported LTO compression algorithms: zlib zstd
gcc version 11.2.0 (GCC) 
configure:3500: $? = 0
configure:3489: gcc -V >&5
gcc: error: unrecognized command-line option '-V'
gcc: fatal error: no input files
compilation terminated.
configure:3500: $? = 1
configure:3489: gcc -qversion >&5
gcc: error: unrecognized command-line option '-qversion'; did you mean '--version'?
gcc: fatal error: no input files
compilation terminated.
configure:3500: $? = 1
configure:3520: checking whether the C compiler works
configure:3542: gcc -O3 -g   conftest.c  >&5
configure:3546: $? = 0
configure:3594: result: yes
configure:3597: checking for C compiler default output file name
configure:3599: result: a.out
configure:3605: checking for suffix of executables
configure:3612: gcc -o conftest -O3 -g   conftest.c  >&5
configure:3616: $? = 0
configure:3638: result: 
configure:3660: checking whether we are cross compiling
configure:3668: gcc -o conftest -O3 -g   conftest.c  >&5
configure:3672: $? = 0
configure:3679: ./conftest
configure:3683: $? = 0
configure:3698: result: no
configure:3703: checking for suffix of object files
configure:3725: gcc -c -O3 -g  conftest.c >&5
configure:3729: $? = 0
configure:3750: result: o
configure:3754: checking whether we are using the GNU C compiler
configure:3773: gcc -c -O3 -g  conftest.c >&5
configure:3773: $? = 0
configure:3782: result: yes
configure:3791: checking whether gcc accepts -g
configure:3811: gcc -c -g  conftest.c >&5
configure:3811: $? = 0
configure:3852: result: yes
configure:3869: checking for gcc option to accept ISO C89
configure:3932: gcc  -c -O3 -g  conftest.c >&5
configure:3932: $? = 0
configure:3945: result: none needed
configure:3970: checking whether gcc understands -c and -o together
configure:3992: gcc -c conftest.c -o conftest2.o
configure:3995: $? = 0
configure:3992: gcc -c conftest.c -o conftest2.o
configure:3995: $? = 0
configure:4007: result: yes
configure:4026: checking dependency style of gcc
configure:4137: result: gcc3
configure:4152: checking for a sed that does not truncate output
configure:4216: result: /usr/bin/sed
configure:4234: checking for grep that handles long lines and -e
configure:4292: result: /usr/bin/grep
configure:4297: checking for egrep
configure:4359: result: /usr/bin/grep -E
configure:4364: checking for fgrep
configure:4426: result: /usr/bin/grep -F
configure:4461: checking for ld used by gcc
configure:4528: result: /usr/bin/ld
configure:4535: checking if the linker (/usr/bin/ld) is GNU ld
configure:4550: result: yes
configure:4562: checking for BSD- or MS-compatible name lister (nm)
configure:4616: result: /usr/bin/nm -B
configure:4746: checking the name lister (/usr/bin/nm -B) interface
configure:4753: gcc -c -O3 -g  conftest.c >&5
configure:4756: /usr/bin/nm -B "conftest.o"
configure:4759: output
0000000000000000 B some_variable
configure:4766: result: BSD nm
configure:4769: checking whether ln -s works
configure:4773: result: yes
configure:4781: checking the maximum length of command line arguments
configure:4912: result: 1572864
configure:4960: checking how to convert x86_64-pc-linux-gnu file names to x86_64-pc-linux-gnu format
configure:5000: result: func_convert_file_noop
configure:5007: checking how to convert x86_64-pc-linux-gnu file names to toolchain format
configure:5027: result: func_convert_file_noop
configure:5034: checking for /usr/bin/ld option to reload object files
configure:5041: result: -r
configure:5115: checking for objdump
configure:5131: found /usr/bin/objdump
configure:5142: result: objdump
configure:5174: checking how to recognize dependent libraries
configure:5374: result: pass_all
configure:5459: checking for dlltool
configure:5475: found /usr/bin/dlltool
configure:5486: result: dlltool
configure:5519: checking how to associate runtime and link libraries
configure:5546: result: printf %s\n
configure:5607: checking for ar
configure:5623: found /usr/bin/ar
configure:5634: result: ar
configure:5671: checking for archiver @FILE support
configure:5688: gcc -c -O3 -g  conftest.c >&5
configure:5688: $? = 0
configure:5691: ar cru libconftest.a @conftest.lst >&5
configure:5694: $? = 0
configure:5699: ar cru libconftest.a @conftest.lst >&5
ar: conftest.o: No such file or directory
configure:5702: $? = 1
configure:5714: result: @
configure:5772: checking for strip
configure:5788: found /usr/bin/strip
configure:5799: result: strip
configure:5871: checking for ranlib
configure:5887: found /usr/bin/ranlib
configure:5898: result: ranlib
configure:6000: checking command to parse /usr/bin/nm -B output from gcc object
configure:6153: gcc -c -O3 -g  conftest.c >&5
configure:6156: $? = 0
configure:6160: /usr/bin/nm -B conftest.o \| sed -n -e 's/^.*[ ]\([ABCDGIRSTW][ABCDGIRSTW]*\)[ ][ ]*\([_A-Za-z][_A-Za-z0-9]*\)$/\1 \2 \2/p' | sed '/ __gnu_lto/d' \> conftest.nm
configure:6163: $? = 0
configure:6229: gcc -o conftest -O3 -g   conftest.c conftstm.o >&5
configure:6232: $? = 0
configure:6270: result: ok
configure:6317: checking for sysroot
configure:6347: result: no
configure:6354: checking for a working dd
configure:6392: result: /usr/bin/dd
configure:6396: checking how to truncate binary pipes
configure:6411: result: /usr/bin/dd bs=4096 count=1
configure:6547: gcc -c -O3 -g  conftest.c >&5
configure:6550: $? = 0
configure:6740: checking for mt
configure:6756: found /bin/mt
configure:6767: result: mt
configure:6790: checking if mt is a manifest tool
configure:6796: mt '-?'
usage: mt [-v] [--version] [-h] [ -f device ] command [ count ]
default tape device: /dev/tape
configure:6804: result: no
configure:7481: checking how to run the C preprocessor
configure:7512: gcc -E  conftest.c
configure:7512: $? = 0
configure:7526: gcc -E  conftest.c
conftest.c:16:10: fatal error: ac_nonexistent.h: No such file or directory
   16 | #include <ac_nonexistent.h>
      |          ^~~~~~~~~~~~~~~~~~
compilation terminated.
configure:7526: $? = 1
configure: failed program was:
| /* confdefs.h */
| #define PACKAGE_NAME "afmm"
| #define PACKAGE_TARNAME "afmm"
| #define PACKAGE_VERSION "0.1"
| #define PACKAGE_STRING "afmm 0.1"
| #define PACKAGE_BUGREPORT ""
| #define PACKAGE_URL ""
| #define PACKAGE "afmm"
| #define VERSION "0.1"
| #define AFMM_MAJOR_VERSION 0
| #define AFMM_MINOR_VERSION 1
| #define AFMM_MICRO_VERSION 1
| #define AFMM_INTERFACE_AGE 0
| #define AFMM_BINARY_AGE 0
| /* end confdefs.h.  */
| #include <ac_nonexistent.h>
configure:7551: result: gcc -E
configure:7571: gcc -E  conftest.c
configure:7571: $? = 0
configure:7585: gcc -E  conftest.c
conftest.c:16:10: fatal error: ac_nonexistent.h: No such file or directory
   16 | #include <ac_nonexistent.h>
      |          ^~~~~~~~~~~~~~~~~~
compilation terminated.
configure:7585: $? = 1
configure: failed program was:
| /* confdefs.h */
| #define PACKAGE_NAME "afmm"
| #define PACKAGE_TARNAME "afmm"
| #define PACKAGE_VERSION "0.1"
| #define PACKAGE_STRING "afmm 0.1"
| #define PACKAGE_BUGREPORT ""
| #define PACKAGE_URL ""
| #define PACKAGE "afmm"
| #define VERSION "0.1"
| #define AFMM_MAJOR_VERSION 0
| #define AFMM_MINOR_VERSION 1
| #define AFMM_MICRO_VERSION 1
| #define AFMM_INTERFACE_AGE 0
| #define AFMM_BINARY_AGE 0
| /* end confdefs.h.  */
| #include <ac_nonexistent.h>
configure:7614: checking for ANSI C header files
configure:7634: gcc -c -O3 -g  conftest.c >&5
configure:7634: $? = 0
configure:7707: gcc -o conftest -O3 -g   conftest.c  >&5
configure:7707: $? = 0
configure:7707: ./conftest
configure:7707: $? = 0
configure:7718: result: yes
configure:7731: checking for sys/types.h
configure:7731: gcc -c -O3 -g  conftest.c >&5
configure:7731: $? = 0
configure:7731: result: yes
configure:7731: checking for sys/stat.h
configure:7731: gcc -c -O3 -g  conftest.c >&5
configure:7731: $? = 0
configure:7731: result: yes
configure:7731: checking for stdlib.h
configure:7731: gcc -c -O3 -g  conftest.c >&5
configure:7731: $? = 0
configure:7731: result: yes
configure:7731: checking for string.h
configure:7731: gcc -c -O3 -g  conftest.c >&5
configure:7731: $? = 0
configure:7731: result: yes
configure:7731: checking for memory.h
configure:7731: gcc -c -O3 -g  conftest.c >&5
configure:7731: $? = 0
configure:7731: result: yes
configure:7731: checking for strings.h
configure:7731: gcc -c -O3 -g  conftest.c >&5
configure:7731: $? = 0
configure:7731: result: yes
configure:7731: checking for inttypes.h
configure:7731: gcc -c -O3 -g  conftest.c >&5
configure:7731: $? = 0
configure:7731: result: yes
configure:7731: checking for stdint.h
configure:7731: gcc -c -O3 -g  conftest.c >&5
configure:7731: $? = 0
configure:7731: result: yes
configure:7731: checking for unistd.h
configure:7731: gcc -c -O3 -g  conftest.c >&5
configure:7731: $? = 0
configure:7731: result: yes
configure:7745: checking for dlfcn.h
configure:7745: gcc -c -O3 -g  conftest.c >&5
configure:7745: $? = 0
configure:7745: result: yes
configure:8001: checking for objdir
configure:8016: result: .libs
configure:8280: checking if gcc supports -fno-rtti -fno-exceptions
configure:8298: gcc -c -O3 -g  -fno-rtti -fno-exceptions conftest.c >&5
cc1: warning: command-line option '-fno-rtti' is valid for C++/D/ObjC++ but not for C
configure:8302: $? = 0
configure:8315: result: no
configure:8673: checking for gcc option to produce PIC
configure:8680: result: -fPIC -DPIC
configure:8688: checking if gcc PIC flag -fPIC -DPIC works
configure:8706: gcc -c -O3 -g  -fPIC -DPIC -DPIC conftest.c >&5
configure:8710: $? = 0
configure:8723: result: yes
configure:8752: checking if gcc static flag -static works
configure:8780: result: yes
configure:8795: checking if gcc supports -c -o file.o
configure:8816: gcc -c -O3 -g  -o out/conftest2.o conftest.c >&5
configure:8820: $? = 0
configure:8842: result: yes
configure:8850: checking if gcc supports -c -o file.o
configure:8897: result: yes
configure:8930: checking whether the gcc linker (/usr/bin/ld -m elf_x86_64) supports shared libraries
configure:10189: result: yes
configure:10226: checking whether -lc should be explicitly linked in
configure:10234: gcc -c -O3 -g  conftest.c >&5
configure:10237: $? = 0
configure:10252: gcc -shared  -fPIC -DPIC conftest.o  -v -Wl,-soname -Wl,conftest -o conftest 2\>\&1 \| /usr/bin/grep  -lc  \>/dev/null 2\>\&1
configure:10255: $? = 0
configure:10269: result: no
configure:10429: checking dynamic linker characteristics
configure:11010: gcc -o conftest -O3 -g   -Wl,-rpath -Wl,/foo conftest.c  >&5
configure:11010: $? = 0
configure:11247: result: GNU/Linux ld.so
configure:11369: checking how to hardcode library paths into programs
configure:11394: result: immediate
configure:11942: checking whether stripping libraries is possible
configure:11947: result: yes
configure:11982: checking if libtool supports shared libraries
configure:11984: result: yes
configure:11987: checking whether to build shared libraries
configure:12012: result: yes
configure:12015: checking whether to build static libraries
configure:12019: result: yes
configure:12107: checking for gcc
configure:12134: result: gcc
configure:12363: checking for C compiler version
configure:12372: gcc --version >&5
gcc (GCC) 11.2.0
Copyright (C) 2021 Free Software Foundation, Inc.
This is free software; see the source for copying conditions.  There is NO
warranty; not even for MERCHANTABILITY or FITNESS FOR A PARTICULAR PURPOSE.

configure:12383: $? = 0
configure:12372: gcc -v >&5
Reading specs from /usr/lib64/gcc/x86_64-slackware-linux/11.2.0/specs
COLLECT_GCC=gcc
COLLECT_LTO_WRAPPER=/usr/libexec/gcc/x86_64-slackware-linux/11.2.0/lto-wrapper
Target: x86_64-slackware-linux
Configured with: ../configure --prefix=/usr --libdir=/usr/lib64 --mandir=/usr/man --infodir=/usr/info --enable-shared --enable-bootstrap --enable-languages=ada,brig,c,c++,d,fortran,go,lto,objc,obj-c++ --enable-threads=posix --enable-checking=release --enable-objc-gc --with-system-zlib --enable-libstdcxx-dual-abi --with-default-libstdcxx-abi=new --disable-libstdcxx-pch --disable-libunwind-exceptions --enable-__cxa_atexit --disable-libssp --enable-gnu-unique-object --enable-plugin --enable-lto --disable-install-libiberty --disable-werror --with-gnu-ld --with-isl --verbose --with-arch-directory=amd64 --disable-gtktest --enable-clocale=gnu --disable-multilib --target=x86_64-slackware-linux --build=x86_64-slackware-linux --host=x86_64-slackware-linux
Thread model: posix
Supported LTO compression algorithms: zlib zstd
gcc version 11.2.0 (GCC) 
configure:12383: $? = 0
configure:12372: gcc -V >&5
gcc: error: unrecognized command-line option '-V'
gcc: fatal error: no input files
compilation terminated.
configure:12383: $? = 1
configure:12372: gcc -qversion >&5
gcc: error: unrecognized command-line option '-qversion'; did you mean '--version'?
gcc: fatal error: no input files
compilation terminated.
configure:12383: $? = 1
configure:12387: checking whether we are using the GNU C compiler
configure:12415: result: yes
configure:12424: checking whether gcc accepts -g
configure:12485: result: yes
configure:12502: checking for gcc option to accept ISO C89
configure:12578: result: none needed
configure:12603: checking whether gcc understands -c and -o together
configure:12640: result: yes
configure:12659: checking dependency style of gcc
configure:12770: result: gcc3
configure:12795: checking for gawk
configure:12822: result: gawk
configure:12833: checking for library containing strerror
configure:12864: gcc -o conftest -O3 -g -Wall -Werror-implicit-function-declaration -Wstrict-prototypes -Wmissing-prototypes -Wmissing-declarations   conftest.c  >&5
conftest.c:35:1: warning: function declaration isn't a prototype [-Wstrict-prototypes]
   35 | char strerror ();
      | ^~~~
conftest.c:37:1: warning: function declaration isn't a prototype [-Wstrict-prototypes]
   37 | main ()
      | ^~~~
configure:12864: $? = 0
configure:12881: result: none required
configure:12889: checking for ANSI C header files
configure:12993: result: yes
configure:13090: checking for pkg-config
configure:13108: found /usr/bin/pkg-config
configure:13120: result: /usr/bin/pkg-config
configure:13145: checking pkg-config is at least version 0.16
configure:13148: result: yes
configure:13166: checking for glib-2.0 >= 2.4.0 gthread-2.0 gmodule-2.0
configure:13173: $PKG_CONFIG --exists --print-errors "$pkg_config_args"
configure:13176: $? = 0
configure:13190: $PKG_CONFIG --exists --print-errors "$pkg_config_args"
configure:13193: $? = 0
configure:13231: result: yes
configure:13241: $PKG_CONFIG --exists --print-errors "glib-2.0"
configure:13244: $? = 0
configure:13264: $PKG_CONFIG --exists --print-errors "glib-2.0"
configure:13267: $? = 0
configure:13287: $PKG_CONFIG --exists --print-errors "glib-2.0"
configure:13290: $? = 0
configure:13310: $PKG_CONFIG --exists --print-errors "gio-2.0"
configure:13313: $? = 0
configure:13329: checking for GLIB - version >= 2.4.0
configure:13434: gcc -o conftest -O3 -g -Wall -Werror-implicit-function-declaration -Wstrict-prototypes -Wmissing-prototypes -Wmissing-declarations -pthread -I/usr/include/glib-2.0 -I/usr/lib64/glib-2.0/include   conftest.c -lgthread-2.0 -pthread -Wl,--export-dynamic -lgmodule-2.0 -pthread -lglib-2.0  >&5
configure:13434: $? = 0
configure:13434: ./conftest
configure:13434: $? = 0
configure:13448: result: yes (version 2.70.3)
configure:13852: checking for blaswrap-config
configure:13868: found /home/michael/Codes/bin/blaswrap-config
configure:13880: result: yes
configure:13908: checking for fftw3
configure:13915: $PKG_CONFIG --exists --print-errors "fftw3"
configure:13918: $? = 0
configure:13932: $PKG_CONFIG --exists --print-errors "fftw3"
configure:13935: $? = 0
configure:13993: result: yes
configure:14005: checking for gcc __builtin_cpu_init function
configure:14028: gcc -o conftest -O3 -g -Wall -Werror-implicit-function-declaration -Wstrict-prototypes -Wmissing-prototypes -Wmissing-declarations   conftest.c  >&5
conftest.c:32:1: warning: function declaration isn't a prototype [-Wstrict-prototypes]
   32 | main ()
      | ^~~~
configure:14028: $? = 0
configure:14028: ./conftest
configure:14028: $? = 0
configure:14038: result: yes
configure:14053: checking for x86 avx instruction support
configure:14079: gcc -o conftest -O3 -g -Wall -Werror-implicit-function-declaration -Wstrict-prototypes -Wmissing-prototypes -Wmissing-declarations   conftest.c  >&5
conftest.c:32:1: warning: function declaration isn't a prototype [-Wstrict-prototypes]
   32 | main ()
      | ^~~~
configure:14079: $? = 0
configure:14079: ./conftest
configure:14079: $? = 0
configure:14091: result: yes
configure:14116: checking for x86 avx2 instruction support
configure:14142: gcc -o conftest -O3 -g -Wall -Werror-implicit-function-declaration -Wstrict-prototypes -Wmissing-prototypes -Wmissing-declarations   conftest.c  >&5
conftest.c:33:1: warning: function declaration isn't a prototype [-Wstrict-prototypes]
   33 | main ()
      | ^~~~
configure:14142: $? = 0
configure:14142: ./conftest
configure:14142: $? = 0
configure:14154: result: yes
configure:14179: checking for x86 fma instruction support
configure:14205: gcc -o conftest -O3 -g -Wall -Werror-implicit-function-declaration -Wstrict-prototypes -Wmissing-prototypes -Wmissing-declarations   conftest.c  >&5
conftest.c:34:1: warning: function declaration isn't a prototype [-Wstrict-prototypes]
   34 | main ()
      | ^~~~
configure:14205: $? = 0
configure:14205: ./conftest
configure:14205: $? = 0
configure:14217: result: yes
configure:14241: checking for cos in -lm
configure:14266: gcc -o conftest -O3 -g -Wall -Werror-implicit-function-declaration -Wstrict-prototypes -Wmissing-prototypes -Wmissing-declarations   conftest.c -lm   >&5
conftest.c:40:1: warning: function declaration isn't a prototype [-Wstrict-prototypes]
   40 | char cos ();
      | ^~~~
conftest.c:40:6: warning: conflicting types for built-in function 'cos'; expected 'double(double)' [-Wbuiltin-declaration-mismatch]
   40 | char cos ();
      |      ^~~
conftest.c:1:1: note: 'cos' is declared in header '<math.h>'
    1 | /* confdefs.h */
conftest.c:42:1: warning: function declaration isn't a prototype [-Wstrict-prototypes]
   42 | main ()
      | ^~~~
configure:14266: $? = 0
configure:14275: result: yes
configure:14294: checking for gcc option to support OpenMP
configure:14309: gcc -o conftest -O3 -g -Wall -Werror-implicit-function-declaration -Wstrict-prototypes -Wmissing-prototypes -Wmissing-declarations   conftest.c -lm  >&5
conftest.c:36:2: error: unknown type name 'choke'
   36 |  choke me
      |  ^~~~~
conftest.c:36:10: error: expected ';' before 'typedef'
   36 |  choke me
      |          ^
      |          ;
conftest.c:39:5: warning: function declaration isn't a prototype [-Wstrict-prototypes]
   39 | int main () { return omp_get_num_threads (); }
      |     ^~~~
configure:14309: $? = 1
configure: failed program was:
| /* confdefs.h */
| #define PACKAGE_NAME "afmm"
| #define PACKAGE_TARNAME "afmm"
| #define PACKAGE_VERSION "0.1"
| #define PACKAGE_STRING "afmm 0.1"
| #define PACKAGE_BUGREPORT ""
| #define PACKAGE_URL ""
| #define PACKAGE "afmm"
| #define VERSION "0.1"
| #define AFMM_MAJOR_VERSION 0
| #define AFMM_MINOR_VERSION 1
| #define AFMM_MICRO_VERSION 1
| #define AFMM_INTERFACE_AGE 0
| #define AFMM_BINARY_AGE 0
| #define STDC_HEADERS 1
| #define HAVE_SYS_TYPES_H 1
| #define HAVE_SYS_STAT_H 1
| #define HAVE_STDLIB_H 1
| #define HAVE_STRING_H 1
| #define HAVE_MEMORY_H 1
| #define HAVE_STRINGS_H 1
| #define HAVE_INTTYPES_H 1
| #define HAVE_STDINT_H 1
| #define HAVE_UNISTD_H 1
| #define HAVE_DLFCN_H 1
| #define LT_OBJDIR ".libs/"
| #define STDC_HEADERS 1
| #define HAVE_BLASWRAP 1
| #define HAVE_AVX_INSTRUCTIONS 1
| #define HAVE_AVX2_INSTRUCTIONS 1
| #define HAVE_FMA_INSTRUCTIONS 1
| #define HAVE_LIBM 1
| /* end confdefs.h.  */
| 
| #ifndef _OPENMP
|  choke me
| #endif
| #include <omp.h>
| int main () { return omp_get_num_threads (); }
| 
configure:14327: gcc -o conftest -O3 -g -Wall -Werror-implicit-function-declaration -Wstrict-prototypes -Wmissing-prototypes -Wmissing-declarations -fopenmp   conftest.c -lm  >&5
conftest.c:39:5: warning: function declaration isn't a prototype [-Wstrict-prototypes]
   39 | int main () { return omp_get_num_threads (); }
      |     ^~~~
configure:14327: $? = 0
configure:14341: result: -fopenmp
configure:14405: checking for g77
configure:14421: found /usr/bin/g77
configure:14432: result: g77
configure:14458: checking for Fortran 77 compiler version
configure:14467: g77 --version >&5
GNU Fortran (GCC) 11.2.0
Copyright (C) 2021 Free Software Foundation, Inc.
This is free software; see the source for copying conditions.  There is NO
warranty; not even for MERCHANTABILITY or FITNESS FOR A PARTICULAR PURPOSE.

configure:14478: $? = 0
configure:14467: g77 -v >&5
Reading specs from /usr/lib64/gcc/x86_64-slackware-linux/11.2.0/specs
COLLECT_GCC=g77
COLLECT_LTO_WRAPPER=/usr/libexec/gcc/x86_64-slackware-linux/11.2.0/lto-wrapper
Target: x86_64-slackware-linux
Configured with: ../configure --prefix=/usr --libdir=/usr/lib64 --mandir=/usr/man --infodir=/usr/info --enable-shared --enable-bootstrap --enable-languages=ada,brig,c,c++,d,fortran,go,lto,objc,obj-c++ --enable-threads=posix --enable-checking=release --enable-objc-gc --with-system-zlib --enable-libstdcxx-dual-abi --with-default-libstdcxx-abi=new --disable-libstdcxx-pch --disable-libunwind-exceptions --enable-__cxa_atexit --disable-libssp --enable-gnu-unique-object --enable-plugin --enable-lto --disable-install-libiberty --disable-werror --with-gnu-ld --with-isl --verbose --with-arch-directory=amd64 --disable-gtktest --enable-clocale=gnu --disable-multilib --target=x86_64-slackware-linux --build=x86_64-slackware-linux --host=x86_64-slackware-linux
Thread model: posix
Supported LTO compression algorithms: zlib zstd
gcc version 11.2.0 (GCC) 
configure:14478: $? = 0
configure:14467: g77 -V >&5
g77: error: unrecognized command-line option '-V'
g77: fatal error: no input files
compilation terminated.
configure:14478: $? = 1
configure:14467: g77 -qversion >&5
g77: error: unrecognized command-line option '-qversion'; did you mean '--version'?
g77: fatal error: no input files
compilation terminated.
configure:14478: $? = 1
configure:14487: checking whether we are using the GNU Fortran 77 compiler
configure:14500: g77 -c  conftest.F >&5
configure:14500: $? = 0
configure:14509: result: yes
configure:14515: checking whether g77 accepts -g
configure:14526: g77 -c -g conftest.f >&5
configure:14526: $? = 0
configure:14534: result: yes
configure:14663: checking if libtool supports shared libraries
configure:14665: result: yes
configure:14668: checking whether to build shared libraries
configure:14692: result: yes
configure:14695: checking whether to build static libraries
configure:14699: result: yes
configure:15051: checking for g77 option to produce PIC
configure:15058: result: -fPIC
configure:15066: checking if g77 PIC flag -fPIC works
configure:15084: g77 -c -g -O2 -fPIC conftest.f >&5
configure:15088: $? = 0
configure:15101: result: yes
configure:15124: checking if g77 static flag -static works
configure:15152: result: yes
configure:15164: checking if g77 supports -c -o file.o
configure:15185: g77 -c -g -O2 -o out/conftest2.o conftest.f >&5
configure:15189: $? = 0
configure:15211: result: yes
configure:15216: checking if g77 supports -c -o file.o
configure:15263: result: yes
configure:15293: checking whether the g77 linker (/usr/bin/ld -m elf_x86_64) supports shared libraries
configure:16502: result: yes
configure:16643: checking dynamic linker characteristics
configure:17382: result: GNU/Linux ld.so
configure:17447: checking how to hardcode library paths into programs
configure:17472: result: immediate
configure:17509: checking how to get verbose linking output from g77
configure:17519: g77 -c -g -O2 conftest.f >&5
configure:17519: $? = 0
configure:17537: g77 -o conftest -g -O2 -v conftest.f -lm
Reading specs from /usr/lib64/gcc/x86_64-slackware-linux/11.2.0/specs
Target: x86_64-slackware-linux
Thread model: posix
Supported LTO compression algorithms: zlib zstd
gcc version 11.2.0 (GCC) 
 /usr/libexec/gcc/x86_64-slackware-linux/11.2.0/f951 conftest.f -ffixed-form -quiet -dumpbase conftest.f -dumpbase-ext .f -mtune=generic -march=x86-64 -g -O2 -version -fintrinsic-modules-path /usr/lib64/gcc/x86_64-slackware-linux/11.2.0/finclude -fpre-include=/usr/include/finclude/math-vector-fortran.h -o /tmp/ccoI85ZV.s
GNU Fortran (GCC) version 11.2.0 (x86_64-slackware-linux)
	compiled by GNU C version 11.2.0, GMP version 6.2.1, MPFR version 4.1.0, MPC version 1.2.1, isl version isl-0.24-GMP

GGC heuristics: --param ggc-min-expand=100 --param ggc-min-heapsize=131072
GNU Fortran2008 (GCC) version 11.2.0 (x86_64-slackware-linux)
	compiled by GNU C version 11.2.0, GMP version 6.2.1, MPFR version 4.1.0, MPC version 1.2.1, isl version isl-0.24-GMP

GGC heuristics: --param ggc-min-expand=100 --param ggc-min-heapsize=131072
 as -v --gdwarf-5 --64 -o /tmp/cc92JjJ3.o /tmp/ccoI85ZV.s
GNU assembler version 2.37 (x86_64-slackware-linux) using BFD version version 2.37-slack15
Reading specs from /usr/lib64/gcc/x86_64-slackware-linux/11.2.0/../../../../lib64/libgfortran.spec
rename spec lib to liborig
 /usr/libexec/gcc/x86_64-slackware-linux/11.2.0/collect2 -plugin /usr/libexec/gcc/x86_64-slackware-linux/11.2.0/liblto_plugin.so -plugin-opt=/usr/libexec/gcc/x86_64-slackware-linux/11.2.0/lto-wrapper -plugin-opt=-fresolution=/tmp/ccxuiosH.res -plugin-opt=-pass-through=-lgcc_s -plugin-opt=-pass-through=-lgcc -plugin-opt=-pass-through=-lquadmath -plugin-opt=-pass-through=-lm -plugin-opt=-pass-through=-lgcc_s -plugin-opt=-pass-through=-lgcc -plugin-opt=-pass-through=-lc -plugin-opt=-pass-through=-lgcc_s -plugin-opt=-pass-through=-lgcc --eh-frame-hdr -m elf_x86_64 -dynamic-linker /lib64/ld-linux-x86-64.so.2 -o conftest /usr/lib64/gcc/x86_64-slackware-linux/11.2.0/../../../../lib64/crt1.o /usr/lib64/gcc/x86_64-slackware-linux/11.2.0/../../../../lib64/crti.o /usr/lib64/gcc/x86_64-slackware-linux/11.2.0/crtbegin.o -L/usr/lib64/gcc/x86_64-slackware-linux/11.2.0 -L/usr/lib64/gcc/x86_64-slackware-linux/11.2.0/../../../../lib64 -L/lib/../lib64 -L/usr/lib/../lib64 -L/usr/lib64/gcc/x86_64-slackware-linux/11.2.0/../../.. /tmp/cc92JjJ3.o -lgfortran -lm -lgfortran -lm -lgcc_s -lgcc -lquadmath -lm -lgcc_s -lgcc -lc -lgcc_s -lgcc /usr/lib64/gcc/x86_64-slackware-linux/11.2.0/crtend.o /usr/lib64/gcc/x86_64-slackware-linux/11.2.0/../../../../lib64/crtn.o
configure:17620: result: -v
configure:17622: checking for Fortran 77 libraries of g77
configure:17645: g77 -o conftest -g -O2 -v conftest.f -lm
Reading specs from /usr/lib64/gcc/x86_64-slackware-linux/11.2.0/specs
Target: x86_64-slackware-linux
Thread model: posix
Supported LTO compression algorithms: zlib zstd
gcc version 11.2.0 (GCC) 
 /usr/libexec/gcc/x86_64-slackware-linux/11.2.0/f951 conftest.f -ffixed-form -quiet -dumpbase conftest.f -dumpbase-ext .f -mtune=generic -march=x86-64 -g -O2 -version -fintrinsic-modules-path /usr/lib64/gcc/x86_64-slackware-linux/11.2.0/finclude -fpre-include=/usr/include/finclude/math-vector-fortran.h -o /tmp/ccJUM76z.s
GNU Fortran (GCC) version 11.2.0 (x86_64-slackware-linux)
	compiled by GNU C version 11.2.0, GMP version 6.2.1, MPFR version 4.1.0, MPC version 1.2.1, isl version isl-0.24-GMP

GGC heuristics: --param ggc-min-expand=100 --param ggc-min-heapsize=131072
GNU Fortran2008 (GCC) version 11.2.0 (x86_64-slackware-linux)
	compiled by GNU C version 11.2.0, GMP version 6.2.1, MPFR version 4.1.0, MPC version 1.2.1, isl version isl-0.24-GMP

GGC heuristics: --param ggc-min-expand=100 --param ggc-min-heapsize=131072
 as -v --gdwarf-5 --64 -o /tmp/ccdkADot.o /tmp/ccJUM76z.s
GNU assembler version 2.37 (x86_64-slackware-linux) using BFD version version 2.37-slack15
Reading specs from /usr/lib64/gcc/x86_64-slackware-linux/11.2.0/../../../../lib64/libgfortran.spec
rename spec lib to liborig
 /usr/libexec/gcc/x86_64-slackware-linux/11.2.0/collect2 -plugin /usr/libexec/gcc/x86_64-slackware-linux/11.2.0/liblto_plugin.so -plugin-opt=/usr/libexec/gcc/x86_64-slackware-linux/11.2.0/lto-wrapper -plugin-opt=-fresolution=/tmp/ccqA7kxm.res -plugin-opt=-pass-through=-lgcc_s -plugin-opt=-pass-through=-lgcc -plugin-opt=-pass-through=-lquadmath -plugin-opt=-pass-through=-lm -plugin-opt=-pass-through=-lgcc_s -plugin-opt=-pass-through=-lgcc -plugin-opt=-pass-through=-lc -plugin-opt=-pass-through=-lgcc_s -plugin-opt=-pass-through=-lgcc --eh-frame-hdr -m elf_x86_64 -dynamic-linker /lib64/ld-linux-x86-64.so.2 -o conftest /usr/lib64/gcc/x86_64-slackware-linux/11.2.0/../../../../lib64/crt1.o /usr/lib64/gcc/x86_64-slackware-linux/11.2.0/../../../../lib64/crti.o /usr/lib64/gcc/x86_64-slackware-linux/11.2.0/crtbegin.o -L/usr/lib64/gcc/x86_64-slackware-linux/11.2.0 -L/usr/lib64/gcc/x86_64-slackware-linux/11.2.0/../../../../lib64 -L/lib/../lib64 -L/usr/lib/../lib64 -L/usr/lib64/gcc/x86_64-slackware-linux/11.2.0/../../.. /tmp/ccdkADot.o -lgfortran -lm -lgfortran -lm -lgcc_s -lgcc -lquadmath -lm -lgcc_s -lgcc -lc -lgcc_s -lgcc /usr/lib64/gcc/x86_64-slackware-linux/11.2.0/crtend.o /usr/lib64/gcc/x86_64-slackware-linux/11.2.0/../../../../lib64/crtn.o
configure:17841: result:  -L/usr/lib64/gcc/x86_64-slackware-linux/11.2.0 -L/usr/lib64/gcc/x86_64-slackware-linux/11.2.0/../../../../lib64 -L/lib/../lib64 -L/usr/lib/../lib64 -L/usr/lib64/gcc/x86_64-slackware-linux/11.2.0/../../.. -lgfortran -lm -lquadmath
configure:17857: checking for dummy main to link with Fortran 77 libraries
configure:17891: gcc -o conftest -O3 -g -Wall -Werror-implicit-function-declaration -Wstrict-prototypes -Wmissing-prototypes -Wmissing-declarations   conftest.c -lm   -L/usr/lib64/gcc/x86_64-slackware-linux/11.2.0 -L/usr/lib64/gcc/x86_64-slackware-linux/11.2.0/../../../../lib64 -L/lib/../lib64 -L/usr/lib/../lib64 -L/usr/lib64/gcc/x86_64-slackware-linux/11.2.0/../../.. -lgfortran -lm -lquadmath >&5
conftest.c:44:1: warning: function declaration isn't a prototype [-Wstrict-prototypes]
   44 | main ()
      | ^~~~
configure:17891: $? = 0
configure:17936: result: none
configure:17969: checking for Fortran 77 name-mangling scheme
configure:17982: g77 -c -g -O2 conftest.f >&5
configure:17982: $? = 0
configure:18023: gcc -o conftest -O3 -g -Wall -Werror-implicit-function-declaration -Wstrict-prototypes -Wmissing-prototypes -Wmissing-declarations   conftest.c cfortran_test.o -lm   -L/usr/lib64/gcc/x86_64-slackware-linux/11.2.0 -L/usr/lib64/gcc/x86_64-slackware-linux/11.2.0/../../../../lib64 -L/lib/../lib64 -L/usr/lib/../lib64 -L/usr/lib64/gcc/x86_64-slackware-linux/11.2.0/../../.. -lgfortran -lm -lquadmath >&5
conftest.c:41:1: warning: function declaration isn't a prototype [-Wstrict-prototypes]
   41 | char foobar ();
      | ^~~~
conftest.c:51:1: warning: function declaration isn't a prototype [-Wstrict-prototypes]
   51 | main ()
      | ^~~~
/usr/bin/ld: /tmp/ccLm9mdH.o: in function `main':
/home/michael/Codes/Libraries/afmm/conftest.c:53: undefined reference to `foobar'
collect2: error: ld returned 1 exit status
configure:18023: $? = 1
configure: failed program was:
| /* confdefs.h */
| #define PACKAGE_NAME "afmm"
| #define PACKAGE_TARNAME "afmm"
| #define PACKAGE_VERSION "0.1"
| #define PACKAGE_STRING "afmm 0.1"
| #define PACKAGE_BUGREPORT ""
| #define PACKAGE_URL ""
| #define PACKAGE "afmm"
| #define VERSION "0.1"
| #define AFMM_MAJOR_VERSION 0
| #define AFMM_MINOR_VERSION 1
| #define AFMM_MICRO_VERSION 1
| #define AFMM_INTERFACE_AGE 0
| #define AFMM_BINARY_AGE 0
| #define STDC_HEADERS 1
| #define HAVE_SYS_TYPES_H 1
| #define HAVE_SYS_STAT_H 1
| #define HAVE_STDLIB_H 1
| #define HAVE_STRING_H 1
| #define HAVE_MEMORY_H 1
| #define HAVE_STRINGS_H 1
| #define HAVE_INTTYPES_H 1
| #define HAVE_STDINT_H 1
| #define HAVE_UNISTD_H 1
| #define HAVE_DLFCN_H 1
| #define LT_OBJDIR ".libs/"
| #define STDC_HEADERS 1
| #define HAVE_BLASWRAP 1
| #define HAVE_AVX_INSTRUCTIONS 1
| #define HAVE_AVX2_INSTRUCTIONS 1
| #define HAVE_FMA_INSTRUCTIONS 1
| #define HAVE_LIBM 1
| /* end confdefs.h.  */
| 
| /* Override any GCC internal prototype to avoid an error.
|    Use char because int might match the return type of a GCC
|    builtin and then its argument prototype would still apply.  */
| #ifdef __cplusplus
| extern "C"
| #endif
| char foobar ();
| #ifdef F77_DUMMY_MAIN
| 
| #  ifdef __cplusplus
|      extern "C"
| #  endif
|    int F77_DUMMY_MAIN() { return 1; }
| 
| #endif
| int
| main ()
| {
| return foobar ();
|   ;
|   return 0;
| }
configure:18023: gcc -o conftest -O3 -g -Wall -Werror-implicit-function-declaration -Wstrict-prototypes -Wmissing-prototypes -Wmissing-declarations   conftest.c cfortran_test.o -lm   -L/usr/lib64/gcc/x86_64-slackware-linux/11.2.0 -L/usr/lib64/gcc/x86_64-slackware-linux/11.2.0/../../../../lib64 -L/lib/../lib64 -L/usr/lib/../lib64 -L/usr/lib64/gcc/x86_64-slackware-linux/11.2.0/../../.. -lgfortran -lm -lquadmath >&5
conftest.c:41:1: warning: function declaration isn't a prototype [-Wstrict-prototypes]
   41 | char foobar_ ();
      | ^~~~
conftest.c:51:1: warning: function declaration isn't a prototype [-Wstrict-prototypes]
   51 | main ()
      | ^~~~
configure:18023: $? = 0
configure:18081: gcc -o conftest -O3 -g -Wall -Werror-implicit-function-declaration -Wstrict-prototypes -Wmissing-prototypes -Wmissing-declarations   conftest.c cfortran_test.o -lm   -L/usr/lib64/gcc/x86_64-slackware-linux/11.2.0 -L/usr/lib64/gcc/x86_64-slackware-linux/11.2.0/../../../../lib64 -L/lib/../lib64 -L/usr/lib/../lib64 -L/usr/lib64/gcc/x86_64-slackware-linux/11.2.0/../../.. -lgfortran -lm -lquadmath >&5
conftest.c:41:1: warning: function declaration isn't a prototype [-Wstrict-prototypes]
   41 | char foo_bar_ ();
      | ^~~~
conftest.c:51:1: warning: function declaration isn't a prototype [-Wstrict-prototypes]
   51 | main ()
      | ^~~~
configure:18081: $? = 0
configure:18123: result: lower case, underscore, no extra underscore
configure:18301: checking if sgemm_ is being linked in already
configure:18329: gcc -o conftest -O3 -g -Wall -Werror-implicit-function-declaration -Wstrict-prototypes -Wmissing-prototypes -Wmissing-declarations   conftest.c -lm   -L/usr/lib64/gcc/x86_64-slackware-linux/11.2.0 -L/usr/lib64/gcc/x86_64-slackware-linux/11.2.0/../../../../lib64 -L/lib/../lib64 -L/usr/lib/../lib64 -L/usr/lib64/gcc/x86_64-slackware-linux/11.2.0/../../.. -lgfortran -lm -lquadmath >&5
conftest.c:43:1: warning: function declaration isn't a prototype [-Wstrict-prototypes]
   43 | char sgemm_ ();
      | ^~~~
conftest.c:53:1: warning: function declaration isn't a prototype [-Wstrict-prototypes]
   53 | main ()
      | ^~~~
/usr/bin/ld: /tmp/cc9lh53u.o: in function `main':
/home/michael/Codes/Libraries/afmm/conftest.c:55: undefined reference to `sgemm_'
collect2: error: ld returned 1 exit status
configure:18329: $? = 1
configure: failed program was:
| /* confdefs.h */
| #define PACKAGE_NAME "afmm"
| #define PACKAGE_TARNAME "afmm"
| #define PACKAGE_VERSION "0.1"
| #define PACKAGE_STRING "afmm 0.1"
| #define PACKAGE_BUGREPORT ""
| #define PACKAGE_URL ""
| #define PACKAGE "afmm"
| #define VERSION "0.1"
| #define AFMM_MAJOR_VERSION 0
| #define AFMM_MINOR_VERSION 1
| #define AFMM_MICRO_VERSION 1
| #define AFMM_INTERFACE_AGE 0
| #define AFMM_BINARY_AGE 0
| #define STDC_HEADERS 1
| #define HAVE_SYS_TYPES_H 1
| #define HAVE_SYS_STAT_H 1
| #define HAVE_STDLIB_H 1
| #define HAVE_STRING_H 1
| #define HAVE_MEMORY_H 1
| #define HAVE_STRINGS_H 1
| #define HAVE_INTTYPES_H 1
| #define HAVE_STDINT_H 1
| #define HAVE_UNISTD_H 1
| #define HAVE_DLFCN_H 1
| #define LT_OBJDIR ".libs/"
| #define STDC_HEADERS 1
| #define HAVE_BLASWRAP 1
| #define HAVE_AVX_INSTRUCTIONS 1
| #define HAVE_AVX2_INSTRUCTIONS 1
| #define HAVE_FMA_INSTRUCTIONS 1
| #define HAVE_LIBM 1
| #define F77_FUNC(name,NAME) name ## _
| #define F77_FUNC_(name,NAME) name ## _
| /* end confdefs.h.  */
| 
| /* Override any GCC internal prototype to avoid an error.
|    Use char because int might match the return type of a GCC
|    builtin and then its argument prototype would still apply.  */
| #ifdef __cplusplus
| extern "C"
| #endif
| char sgemm_ ();
| #ifdef F77_DUMMY_MAIN
| 
| #  ifdef __cplusplus
|      extern "C"
| #  endif
|    int F77_DUMMY_MAIN() { return 1; }
| 
| #endif
| int
| main ()
| {
| return sgemm_ ();
|   ;
|   return 0;
| }
configure:18334: result: no
configure:18342: checking for sgemm_ in -lopenblas
configure:18375: gcc -o conftest -O3 -g -Wall -Werror-implicit-function-declaration -Wstrict-prototypes -Wmissing-prototypes -Wmissing-declarations   conftest.c -lopenblas  -lm   -L/usr/lib64/gcc/x86_64-slackware-linux/11.2.0 -L/usr/lib64/gcc/x86_64-slackware-linux/11.2.0/../../../../lib64 -L/lib/../lib64 -L/usr/lib/../lib64 -L/usr/lib64/gcc/x86_64-slackware-linux/11.2.0/../../.. -lgfortran -lm -lquadmath >&5
conftest.c:43:1: warning: function declaration isn't a prototype [-Wstrict-prototypes]
   43 | char sgemm_ ();
      | ^~~~
conftest.c:53:1: warning: function declaration isn't a prototype [-Wstrict-prototypes]
   53 | main ()
      | ^~~~
configure:18375: $? = 0
configure:18385: result: yes
configure:19627: checking that generated files are newer than configure
configure:19633: result: done
configure:19660: creating ./config.status

## ---------------------- ##
## Running config.status. ##
## ---------------------- ##

This file was extended by afmm config.status 0.1, which was
generated by GNU Autoconf 2.69.  Invocation command line was

  CONFIG_FILES    = 
  CONFIG_HEADERS  = 
  CONFIG_LINKS    = 
  CONFIG_COMMANDS = 
  $ ./config.status 

on michael.paraffinalia.co.uk

config.status:1180: creating Makefile
config.status:1180: creating src/Makefile
config.status:1180: creating src/afmm-config
config.status:1180: creating tools/Makefile
config.status:1180: creating config.h
config.status:1361: config.h is unchanged
config.status:1409: executing depfiles commands
config.status:1486: cd src       && sed -e '/# am--include-marker/d' Makefile         | make -f - am--depfiles
make: Nothing to be done for 'am--depfiles'.
config.status:1491: $? = 0
config.status:1486: cd tools       && sed -e '/# am--include-marker/d' Makefile         | make -f - am--depfiles
make: Nothing to be done for 'am--depfiles'.
config.status:1491: $? = 0
config.status:1409: executing libtool commands

## ---------------- ##
## Cache variables. ##
## ---------------- ##

ac_cv_build=x86_64-pc-linux-gnu
ac_cv_c_compiler_gnu=yes
ac_cv_env_CC_set=
ac_cv_env_CC_value=
ac_cv_env_CFLAGS_set=set
ac_cv_env_CFLAGS_value='-O3 -g'
ac_cv_env_CPPFLAGS_set=
ac_cv_env_CPPFLAGS_value=
ac_cv_env_CPP_set=
ac_cv_env_CPP_value=
ac_cv_env_F77_set=
ac_cv_env_F77_value=
ac_cv_env_FFLAGS_set=
ac_cv_env_FFLAGS_value=
ac_cv_env_FFTW3_CFLAGS_set=
ac_cv_env_FFTW3_CFLAGS_value=
ac_cv_env_FFTW3_LIBS_set=
ac_cv_env_FFTW3_LIBS_value=
ac_cv_env_GLIB_CFLAGS_set=
ac_cv_env_GLIB_CFLAGS_value=
ac_cv_env_GLIB_COMPILE_RESOURCES_set=
ac_cv_env_GLIB_COMPILE_RESOURCES_value=
ac_cv_env_GLIB_GENMARSHAL_set=
ac_cv_env_GLIB_GENMARSHAL_value=
ac_cv_env_GLIB_LIBS_set=
ac_cv_env_GLIB_LIBS_value=
ac_cv_env_GLIB_MKENUMS_set=
ac_cv_env_GLIB_MKENUMS_value=
ac_cv_env_GOBJECT_QUERY_set=
ac_cv_env_GOBJECT_QUERY_value=
ac_cv_env_LDFLAGS_set=
ac_cv_env_LDFLAGS_value=
ac_cv_env_LIBS_set=
ac_cv_env_LIBS_value=
ac_cv_env_LT_SYS_LIBRARY_PATH_set=
ac_cv_env_LT_SYS_LIBRARY_PATH_value=
ac_cv_env_PKG_CONFIG_LIBDIR_set=
ac_cv_env_PKG_CONFIG_LIBDIR_value=
ac_cv_env_PKG_CONFIG_PATH_set=set
ac_cv_env_PKG_CONFIG_PATH_value=/home/michael/Codes/lib/pkgconfig:/home/michael/Codes/lib/pkgconfig:/usr/local/lib64/pkgconfig:/usr/local/share/pkgconfig:/usr/lib64/pkgconfig:/usr/share/pkgconfig:/usr/local/lib64/pkgconfig:/usr/local/share/pkgconfig
ac_cv_env_PKG_CONFIG_set=
ac_cv_env_PKG_CONFIG_value=
ac_cv_env_build_alias_set=
ac_cv_env_build_alias_value=
ac_cv_env_host_alias_set=
ac_cv_env_host_alias_value=
ac_cv_env_target_alias_set=
ac_cv_env_target_alias_value=
ac_cv_f77_compiler_gnu=yes
ac_cv_f77_dummy_main=none
ac_cv_f77_libs=' -L/usr/lib64/gcc/x86_64-slackware-linux/11.2.0 -L/usr/lib64/gcc/x86_64-slackware-linux/11.2.0/../../../../lib64 -L/lib/../lib64 -L/usr/lib/../lib64 -L/usr/lib64/gcc/x86_64-slackware-linux/11.2.0/../../.. -lgfortran -lm -lquadmath'
ac_cv_f77_mangling='lower case, underscore, no extra underscore'
ac_cv_fortran_dummy_main=none
ac_cv_header_dlfcn_h=yes
ac_cv_header_inttypes_h=yes
ac_cv_header_memory_h=yes
ac_cv_header_stdc=yes
ac_cv_header_stdint_h=yes
ac_cv_header_stdlib_h=yes
ac_cv_header_string_h=yes
ac_cv_header_strings_h=yes
ac_cv_header_sys_stat_h=yes
ac_cv_header_sys_types_h=yes
ac_cv_header_unistd_h=yes
ac_cv_host=x86_64-pc-linux-gnu
ac_cv_lib_m_cos=yes
ac_cv_lib_openblas_sgemm_=yes
ac_cv_objext=o
ac_cv_path_EGREP='/usr/bin/grep -E'
ac_cv_path_FGREP='/usr/bin/grep -F'
ac_cv_path_GREP=/usr/bin/grep
ac_cv_path_SED=/usr/bin/sed
ac_cv_path_ac_pt_PKG_CONFIG=/usr/bin/pkg-config
ac_cv_path_install='/usr/bin/ginstall -c'
ac_cv_path_lt_DD=/usr/bin/dd
ac_cv_path_mkdir=/usr/bin/mkdir
ac_cv_prog_AWK=gawk
ac_cv_prog_BLASWRAP=yes
ac_cv_prog_CPP='gcc -E'
ac_cv_prog_ac_ct_AR=ar
ac_cv_prog_ac_ct_CC=gcc
ac_cv_prog_ac_ct_DLLTOOL=dlltool
ac_cv_prog_ac_ct_F77=g77
ac_cv_prog_ac_ct_MANIFEST_TOOL=mt
ac_cv_prog_ac_ct_OBJDUMP=objdump
ac_cv_prog_ac_ct_RANLIB=ranlib
ac_cv_prog_ac_ct_STRIP=strip
ac_cv_prog_c_openmp=-fopenmp
ac_cv_prog_cc_c89=
ac_cv_prog_cc_g=yes
ac_cv_prog_f77_g=yes
ac_cv_prog_f77_v=-v
ac_cv_prog_make_make_set=yes
ac_cv_search_strerror='none required'
am_cv_CC_dependencies_compiler_type=gcc3
am_cv_make_support_nested_variables=yes
am_cv_prog_cc_c_o=yes
ax_cv_gcc_check_x86_cpu_init=yes
ax_cv_gcc_x86_cpu_supports_avx2=yes
ax_cv_gcc_x86_cpu_supports_avx=yes
ax_cv_gcc_x86_cpu_supports_fma=yes
lt_cv_ar_at_file=@
lt_cv_archive_cmds_need_lc=no
lt_cv_deplibs_check_method=pass_all
lt_cv_file_magic_cmd='$MAGIC_CMD'
lt_cv_file_magic_test_file=
lt_cv_ld_reload_flag=-r
lt_cv_nm_interface='BSD nm'
lt_cv_objdir=.libs
lt_cv_path_LD=/usr/bin/ld
lt_cv_path_NM='/usr/bin/nm -B'
lt_cv_path_mainfest_tool=no
lt_cv_prog_compiler_c_o=yes
lt_cv_prog_compiler_c_o_F77=yes
lt_cv_prog_compiler_pic='-fPIC -DPIC'
lt_cv_prog_compiler_pic_F77=-fPIC
lt_cv_prog_compiler_pic_works=yes
lt_cv_prog_compiler_pic_works_F77=yes
lt_cv_prog_compiler_rtti_exceptions=no
lt_cv_prog_compiler_static_works=yes
lt_cv_prog_compiler_static_works_F77=yes
lt_cv_prog_gnu_ld=yes
lt_cv_sharedlib_from_linklib_cmd='printf %s\n'
lt_cv_shlibpath_overrides_runpath=no
lt_cv_sys_global_symbol_pipe='sed -n -e '\''s/^.*[	 ]\([ABCDGIRSTW][ABCDGIRSTW]*\)[	 ][	 ]*\([_A-Za-z][_A-Za-z0-9]*\)$/\1 \2 \2/p'\'' | sed '\''/ __gnu_lto/d'\'''
lt_cv_sys_global_symbol_to_c_name_address='sed -n -e '\''s/^: \(.*\) .*$/  {"\1", (void *) 0},/p'\'' -e '\''s/^[ABCDGIRSTW][ABCDGIRSTW]* .* \(.*\)$/  {"\1", (void *) \&\1},/p'\'''
lt_cv_sys_global_symbol_to_c_name_address_lib_prefix='sed -n -e '\''s/^: \(.*\) .*$/  {"\1", (void *) 0},/p'\'' -e '\''s/^[ABCDGIRSTW][ABCDGIRSTW]* .* \(lib.*\)$/  {"\1", (void *) \&\1},/p'\'' -e '\''s/^[ABCDGIRSTW][ABCDGIRSTW]* .* \(.*\)$/  {"lib\1", (void *) \&\1},/p'\'''
lt_cv_sys_global_symbol_to_cdecl='sed -n -e '\''s/^T .* \(.*\)$/extern int \1();/p'\'' -e '\''s/^[ABCDGIRSTW][ABCDGIRSTW]* .* \(.*\)$/extern char \1;/p'\'''
lt_cv_sys_global_symbol_to_import=
lt_cv_sys_max_cmd_len=1572864
lt_cv_to_host_file_cmd=func_convert_file_noop
lt_cv_to_tool_file_cmd=func_convert_file_noop
lt_cv_truncate_bin='/usr/bin/dd bs=4096 count=1'
pkg_cv_FFTW3_CFLAGS=
pkg_cv_FFTW3_LIBS=-lfftw3
pkg_cv_GLIB_CFLAGS='-pthread -I/usr/include/glib-2.0 -I/usr/lib64/glib-2.0/include'
pkg_cv_GLIB_COMPILE_RESOURCES=/usr/bin/glib-compile-resources
pkg_cv_GLIB_GENMARSHAL=/usr/bin/glib-genmarshal
pkg_cv_GLIB_LIBS='-lgthread-2.0 -pthread -Wl,--export-dynamic -lgmodule-2.0 -pthread -lglib-2.0'
pkg_cv_GLIB_MKENUMS=/usr/bin/glib-mkenums
pkg_cv_GOBJECT_QUERY=/usr/bin/gobject-query

## ----------------- ##
## Output variables. ##
## ----------------- ##

ACLOCAL='${SHELL} /home/michael/Codes/Libraries/afmm/missing aclocal-1.16'
AFMM_MAJOR_VERSION='0'
AFMM_MICRO_VERSION='1'
AFMM_MINOR_VERSION='1'
AFMM_VERSION='0.1.1'
AMDEPBACKSLASH='\'
AMDEP_FALSE='#'
AMDEP_TRUE=''
AMTAR='$${TAR-tar}'
AM_BACKSLASH='\'
AM_DEFAULT_V='$(AM_DEFAULT_VERBOSITY)'
AM_DEFAULT_VERBOSITY='1'
AM_V='$(V)'
AR='ar'
AUTOCONF='${SHELL} /home/michael/Codes/Libraries/afmm/missing autoconf'
AUTOHEADER='${SHELL} /home/michael/Codes/Libraries/afmm/missing autoheader'
AUTOMAKE='${SHELL} /home/michael/Codes/Libraries/afmm/missing automake-1.16'
AWK='gawk'
BLASWRAP='yes'
BLAS_LIBS='-lopenblas'
CC='gcc'
CCDEPMODE='depmode=gcc3'
CFLAGS='-O3 -g -Wall -Werror-implicit-function-declaration -Wstrict-prototypes -Wmissing-prototypes -Wmissing-declarations  -fopenmp  -mavx -mfma -I/usr/include/glib-2.0 -I/usr/lib64/glib-2.0/include'
CPP='gcc -E'
CPPFLAGS=''
CYGPATH_W='echo'
DEFS='-DHAVE_CONFIG_H'
DEPDIR='.deps'
DLLTOOL='dlltool'
DSYMUTIL=''
DUMPBIN=''
ECHO_C=''
ECHO_N='-n'
ECHO_T=''
EGREP='/usr/bin/grep -E'
EXEEXT=''
F77='g77'
FFLAGS='-g -O2'
FFTW3_CFLAGS=''
FFTW3_LIBS='-lfftw3 -lfftw3f'
FGREP='/usr/bin/grep -F'
FLIBS=' -L/usr/lib64/gcc/x86_64-slackware-linux/11.2.0 -L/usr/lib64/gcc/x86_64-slackware-linux/11.2.0/../../../../lib64 -L/lib/../lib64 -L/usr/lib/../lib64 -L/usr/lib64/gcc/x86_64-slackware-linux/11.2.0/../../.. -lgfortran -lm -lquadmath'
GLIB_CFLAGS='-pthread -I/usr/include/glib-2.0 -I/usr/lib64/glib-2.0/include'
GLIB_COMPILE_RESOURCES='/usr/bin/glib-compile-resources'
GLIB_CONFIG=''
GLIB_GENMARSHAL='/usr/bin/glib-genmarshal'
GLIB_LIBS='-lglib-2.0'
GLIB_MKENUMS='/usr/bin/glib-mkenums'
GOBJECT_QUERY='/usr/bin/gobject-query'
GREP='/usr/bin/grep'
INSTALL_DATA='${INSTALL} -m 644'
INSTALL_PROGRAM='${INSTALL}'
INSTALL_SCRIPT='${INSTALL}'
INSTALL_STRIP_PROGRAM='$(install_sh) -c -s'
LD='/usr/bin/ld -m elf_x86_64'
LDFLAGS=' -lglib-2.0'
LIBOBJS=''
LIBS='-lglib-2.0 -lfftw3 -lfftw3f  -lopenblas -lm   -L/usr/lib64/gcc/x86_64-slackware-linux/11.2.0 -L/usr/lib64/gcc/x86_64-slackware-linux/11.2.0/../../../../lib64 -L/lib/../lib64 -L/usr/lib/../lib64 -L/usr/lib64/gcc/x86_64-slackware-linux/11.2.0/../../.. -lgfortran -lm -lquadmath'
LIBTOOL='$(SHELL) $(top_builddir)/libtool'
LIPO=''
LN_S='ln -s'
LTLIBOBJS=''
LT_AGE='0'
LT_CURRENT='1'
LT_RELEASE='0.1'
LT_REVISION='0'
LT_SYS_LIBRARY_PATH=''
MAKEINFO='${SHELL} /home/michael/Codes/Libraries/afmm/missing makeinfo'
MANIFEST_TOOL=':'
MKDIR_P='/usr/bin/mkdir -p'
NM='/usr/bin/nm -B'
NMEDIT=''
OBJDUMP='objdump'
OBJEXT='o'
OPENMP_CFLAGS='-fopenmp'
OTOOL64=''
OTOOL=''
PACKAGE='afmm'
PACKAGE_BUGREPORT=''
PACKAGE_NAME='afmm'
PACKAGE_STRING='afmm 0.1'
PACKAGE_TARNAME='afmm'
PACKAGE_URL=''
PACKAGE_VERSION='0.1'
PATH_SEPARATOR=':'
PKG_CONFIG='/usr/bin/pkg-config'
PKG_CONFIG_LIBDIR=''
PKG_CONFIG_PATH='/home/michael/Codes/lib/pkgconfig:/home/michael/Codes/lib/pkgconfig:/usr/local/lib64/pkgconfig:/usr/local/share/pkgconfig:/usr/lib64/pkgconfig:/usr/share/pkgconfig:/usr/local/lib64/pkgconfig:/usr/local/share/pkgconfig'
RANLIB='ranlib'
SED='/usr/bin/sed'
SET_MAKE=''
SHELL='/bin/sh'
STRIP='strip'
VERSION='0.1'
ac_ct_AR='ar'
ac_ct_CC='gcc'
ac_ct_DUMPBIN=''
ac_ct_F77='g77'
am__EXEEXT_FALSE=''
am__EXEEXT_TRUE='#'
am__fastdepCC_FALSE='#'
am__fastdepCC_TRUE=''
am__include='include'
am__isrc=''
am__leading_dot='.'
am__nodep='_no'
am__quote=''
am__tar='$${TAR-tar} chof - "$$tardir"'
am__untar='$${TAR-tar} xf -'
bindir='${exec_prefix}/bin'
build='x86_64-pc-linux-gnu'
build_alias=''
build_cpu='x86_64'
build_os='linux-gnu'
build_vendor='pc'
datadir='${datarootdir}'
datarootdir='${prefix}/share'
docdir='${datarootdir}/doc/${PACKAGE_TARNAME}'
dvidir='${docdir}'
exec_prefix='${prefix}'
host='x86_64-pc-linux-gnu'
host_alias=''
host_cpu='x86_64'
host_os='linux-gnu'
host_vendor='pc'
htmldir='${docdir}'
includedir='${prefix}/include'
infodir='${datarootdir}/info'
install_sh='${SHELL} /home/michael/Codes/Libraries/afmm/install-sh'
libdir='${exec_prefix}/lib'
libexecdir='${exec_prefix}/libexec'
localedir='${datarootdir}/locale'
localstatedir='${prefix}/var'
mandir='${datarootdir}/man'
mkdir_p='$(MKDIR_P)'
oldincludedir='/usr/include'
pdfdir='${docdir}'
prefix='/home/michael/Codes'
program_transform_name='s,x,x,'
psdir='${docdir}'
sbindir='${exec_prefix}/sbin'
sharedstatedir='${prefix}/com'
sysconfdir='${prefix}/etc'
target_alias=''

## ----------- ##
## confdefs.h. ##
## ----------- ##

/* confdefs.h */
#define PACKAGE_NAME "afmm"
#define PACKAGE_TARNAME "afmm"
#define PACKAGE_VERSION "0.1"
#define PACKAGE_STRING "afmm 0.1"
#define PACKAGE_BUGREPORT ""
#define PACKAGE_URL ""
#define PACKAGE "afmm"
#define VERSION "0.1"
#define AFMM_MAJOR_VERSION 0
#define AFMM_MINOR_VERSION 1
#define AFMM_MICRO_VERSION 1
#define AFMM_INTERFACE_AGE 0
#define AFMM_BINARY_AGE 0
#define STDC_HEADERS 1
#define HAVE_SYS_TYPES_H 1
#define HAVE_SYS_STAT_H 1
#define HAVE_STDLIB_H 1
#define HAVE_STRING_H 1
#define HAVE_MEMORY_H 1
#define HAVE_STRINGS_H 1
#define HAVE_INTTYPES_H 1
#define HAVE_STDINT_H 1
#define HAVE_UNISTD_H 1
#define HAVE_DLFCN_H 1
#define LT_OBJDIR ".libs/"
#define STDC_HEADERS 1
#define HAVE_BLASWRAP 1
#define HAVE_AVX_INSTRUCTIONS 1
#define HAVE_AVX2_INSTRUCTIONS 1
#define HAVE_FMA_INSTRUCTIONS 1
#define HAVE_LIBM 1
#define F77_FUNC(name,NAME) name ## _
#define F77_FUNC_(name,NAME) name ## _
#define HAVE_BLAS 1

configure: exit 0

## ---------------------- ##
## Running config.status. ##
## ---------------------- ##

This file was extended by afmm config.status 0.1, which was
generated by GNU Autoconf 2.69.  Invocation command line was

  CONFIG_FILES    = 
  CONFIG_HEADERS  = 
  CONFIG_LINKS    = 
  CONFIG_COMMANDS = 
  $ ./config.status src/afmm-config

on michael.paraffinalia.co.uk

config.status:1180: creating src/afmm-config

## ---------------------- ##
## Running config.status. ##
## ---------------------- ##

This file was extended by afmm config.status 0.1, which was
generated by GNU Autoconf 2.69.  Invocation command line was

  CONFIG_FILES    = 
  CONFIG_HEADERS  = 
  CONFIG_LINKS    = 
  CONFIG_COMMANDS = 
  $ ./config.status src/afmm-config

on michael.paraffinalia.co.uk

config.status:1180: creating src/afmm-config
